<?xml version="1.0" encoding="UTF-8"?>
<!-- Generated by org.testng.reporters.JUnitXMLReporter -->
<testsuite ignored="0" hostname="DESKTOP-A5OTGBU" failures="1" tests="16" name="Test2" time="101.279" errors="0" timestamp="2021-01-12T15:59:59 IST">
  <testcase classname="com.onpassive.Ostaff.TestCases.LoginTestcase" name="logintoApplication" time="5.682"/>
  <testcase classname="com.onpassive.Ostaff.TestCases.LoginTestcase" name="dashboardOperations" time="2.083"/>
  <testcase classname="com.onpassive.Ostaff.TestCases.LoginTestcase" name="HroperationsTimeschedule" time="19.82">
    <failure type="org.openqa.selenium.NoSuchElementException" message="no such element: Unable to locate element: {&amp;quot;method&amp;quot;:&amp;quot;xpath&amp;quot;,&amp;quot;selector&amp;quot;:&amp;quot;//div[@class=&amp;apos;create_new&amp;apos;]&amp;quot;}
  (Session info: MicrosoftEdge=87.0.664.75)
For documentation on this error, please visit: http://seleniumhq.org/exceptions/no_such_element.html
Build info: version: &amp;apos;3.7.0&amp;apos;, revision: &amp;apos;2321c73&amp;apos;, time: &amp;apos;2017-11-02T22:22:35.584Z&amp;apos;
System info: host: &amp;apos;DESKTOP-A5OTGBU&amp;apos;, ip: &amp;apos;192.168.12.34&amp;apos;, os.name: &amp;apos;Windows 10&amp;apos;, os.arch: &amp;apos;amd64&amp;apos;, os.version: &amp;apos;10.0&amp;apos;, java.version: &amp;apos;14.0.2&amp;apos;
Driver info: org.openqa.selenium.edge.EdgeDriver
Capabilities {acceptInsecureCerts: false, browserName: msedge, browserVersion: 87.0.664.75, javascriptEnabled: true, ms:edgeOptions: {debuggerAddress: localhost:61564}, msedge: {msedgedriverVersion: 87.0.664.55 (097391c0e48fdc..., userDataDir: C:\Users\pc\AppData\Local\T...}, networkConnectionEnabled: false, pageLoadStrategy: normal, platform: WINDOWS, platformName: WINDOWS, proxy: Proxy(), setWindowRect: true, strictFileInteractability: false, timeouts: {implicit: 0, pageLoad: 300000, script: 30000}, unhandledPromptBehavior: dismiss and notify, webauthn:virtualAuthenticators: true}
Session ID: 44249a373c9a154755f386f474370af7
*** Element info: {Using=xpath, value=//div[@class=&amp;apos;create_new&amp;apos;]}">
      <![CDATA[org.openqa.selenium.NoSuchElementException: no such element: Unable to locate element: {"method":"xpath","selector":"//div[@class='create_new']"}
  (Session info: MicrosoftEdge=87.0.664.75)
For documentation on this error, please visit: http://seleniumhq.org/exceptions/no_such_element.html
Build info: version: '3.7.0', revision: '2321c73', time: '2017-11-02T22:22:35.584Z'
System info: host: 'DESKTOP-A5OTGBU', ip: '192.168.12.34', os.name: 'Windows 10', os.arch: 'amd64', os.version: '10.0', java.version: '14.0.2'
Driver info: org.openqa.selenium.edge.EdgeDriver
Capabilities {acceptInsecureCerts: false, browserName: msedge, browserVersion: 87.0.664.75, javascriptEnabled: true, ms:edgeOptions: {debuggerAddress: localhost:61564}, msedge: {msedgedriverVersion: 87.0.664.55 (097391c0e48fdc..., userDataDir: C:\Users\pc\AppData\Local\T...}, networkConnectionEnabled: false, pageLoadStrategy: normal, platform: WINDOWS, platformName: WINDOWS, proxy: Proxy(), setWindowRect: true, strictFileInteractability: false, timeouts: {implicit: 0, pageLoad: 300000, script: 30000}, unhandledPromptBehavior: dismiss and notify, webauthn:virtualAuthenticators: true}
Session ID: 44249a373c9a154755f386f474370af7
*** Element info: {Using=xpath, value=//div[@class='create_new']}
at org.openqa.selenium.remote.http.W3CHttpResponseCodec.createException(W3CHttpResponseCodec.java:187)
at org.openqa.selenium.remote.http.W3CHttpResponseCodec.decode(W3CHttpResponseCodec.java:122)
at org.openqa.selenium.remote.http.W3CHttpResponseCodec.decode(W3CHttpResponseCodec.java:49)
at org.openqa.selenium.remote.HttpCommandExecutor.execute(HttpCommandExecutor.java:164)
at org.openqa.selenium.remote.service.DriverCommandExecutor.execute(DriverCommandExecutor.java:83)
at org.openqa.selenium.remote.RemoteWebDriver.execute(RemoteWebDriver.java:600)
at org.openqa.selenium.remote.RemoteWebDriver.findElement(RemoteWebDriver.java:370)
at org.openqa.selenium.remote.RemoteWebDriver.findElementByXPath(RemoteWebDriver.java:472)
at org.openqa.selenium.By$ByXPath.findElement(By.java:361)
at org.openqa.selenium.remote.RemoteWebDriver.findElement(RemoteWebDriver.java:362)
at org.openqa.selenium.support.pagefactory.DefaultElementLocator.findElement(DefaultElementLocator.java:69)
at org.openqa.selenium.support.pagefactory.internal.LocatingElementHandler.invoke(LocatingElementHandler.java:38)
at com.sun.proxy.$Proxy27.click(Unknown Source)
at com.onpassive.Ostaff.Pages.HomePage.addingtimeScheduling(HomePage.java:128)
at com.onpassive.Ostaff.TestCases.LoginTestcase.HroperationsTimeschedule(LoginTestcase.java:65)
at java.base/java.util.ArrayList.forEach(ArrayList.java:1511)
... Removed 32 stack frames]]>
    </failure>
  </testcase> <!-- HroperationsTimeschedule -->
  <testcase classname="com.onpassive.Ostaff.TestCases.LoginTestcase" name="hrOperationLocation" time="2.4"/>
  <testcase classname="com.onpassive.Ostaff.TestCases.LoginTestcase" name="hrOperationCompany" time="2.503"/>
  <testcase classname="com.onpassive.Ostaff.TestCases.LoginTestcase" name="hrOperationDepartment" time="2.485"/>
  <testcase classname="com.onpassive.Ostaff.TestCases.LoginTestcase" name="hrOperationDesignation" time="2.415"/>
  <testcase classname="com.onpassive.Ostaff.TestCases.LoginTestcase" name="hrOperationLeavePlan" time="2.428"/>
  <testcase classname="com.onpassive.Ostaff.TestCases.LoginTestcase" name="hrOperationnotification" time="2.398"/>
  <testcase classname="com.onpassive.Ostaff.TestCases.LoginTestcase" name="hrOperationProject" time="2.367"/>
  <testcase classname="com.onpassive.Ostaff.TestCases.LoginTestcase" name="hrOperationHolidaysList" time="2.465"/>
  <testcase classname="com.onpassive.Ostaff.TestCases.LoginTestcase" name="hrOperationjobs" time="2.438"/>
  <testcase classname="com.onpassive.Ostaff.TestCases.LoginTestcase" name="hrOperationSkils" time="2.403"/>
  <testcase classname="com.onpassive.Ostaff.TestCases.LoginTestcase" name="hrOperationpolicy" time="2.424"/>
  <testcase classname="com.onpassive.Ostaff.TestCases.LoginTestcase" name="hrOperationAsset" time="2.393"/>
  <testcase classname="com.onpassive.Ostaff.TestCases.LoginTestcase" name="logout" time="3.247"/>
</testsuite> <!-- Test2 -->
